<?xml version="1.0" encoding="UTF-8"?>
<!-- Generated by org.testng.reporters.JUnitXMLReporter -->
<testsuite hostname="DESKTOP-PJ5JRQT" ignored="4" name="Test" tests="5" failures="0" timestamp="13 Feb 2024 05:09:40 GMT" time="62.761" errors="0">
  <testcase name="alertOk" time="9.266" classname="com.selenium.testng.TestNG_Test"/>
  <testcase name="alert_sendkeys" time="25.216" classname="com.selenium.testng.TestNG_Test"/>
  <testcase name="alertcancel" time="4.926" classname="com.selenium.testng.TestNG_Test"/>
  <testcase name="nestedframe" time="3.428" classname="com.selenium.testng.TestNG_Frame"/>
  <testcase name="singleframe" time="3.338" classname="com.selenium.testng.TestNG_Frame"/>
  <testcase name="@BeforeSuite beforesuite" time="0.0" classname="com.selenium.testng.BaseClass">
    <ignored/>
  </testcase> <!-- @BeforeSuite beforesuite -->
  <testcase name="@AfterTest afterTest" time="0.0" classname="com.selenium.testng.BaseClass">
    <ignored/>
  </testcase> <!-- @AfterTest afterTest -->
  <testcase name="@BeforeTest beforeTest" time="0.0" classname="com.selenium.testng.BaseClass">
    <ignored/>
  </testcase> <!-- @BeforeTest beforeTest -->
  <testcase name="@AfterSuite aftersuite" time="0.0" classname="com.selenium.testng.BaseClass">
    <ignored/>
  </testcase> <!-- @AfterSuite aftersuite -->
</testsuite> <!-- Test -->
