<?xml version="1.0" encoding="UTF-8"?>
<testng-results skipped="0" failed="0" ignored="0" total="1" passed="1">
  <reporter-output>
  </reporter-output>
  <suite name="Default suite" duration-ms="1180" started-at="2024-02-15T05:02:52Z" finished-at="2024-02-15T05:02:53Z">
    <groups>
    </groups>
    <test name="Default test" duration-ms="1180" started-at="2024-02-15T05:02:52Z" finished-at="2024-02-15T05:02:53Z">
      <class name="com.selenium.excel.ExcelRead">
        <test-method status="PASS" signature="excelread()[pri:0, instance:com.selenium.excel.ExcelRead@39c0f4a]" name="excelread" duration-ms="1112" started-at="2024-02-15T05:02:52Z" finished-at="2024-02-15T05:02:53Z">
          <reporter-output>
          </reporter-output>
        </test-method> <!-- excelread -->
      </class> <!-- com.selenium.excel.ExcelRead -->
    </test> <!-- Default test -->
  </suite> <!-- Default suite -->
</testng-results>
